f:\properbadger2\builds\visualstudio2022\x64\debug\app\properbadger.pdb
f:\properbadger2\builds\visualstudio2022\x64\debug\app\include_juce_gui_basics.obj
f:\properbadger2\builds\visualstudio2022\x64\debug\app\binarydata.obj
f:\properbadger2\builds\visualstudio2022\x64\debug\app\include_juce_data_structures.obj
f:\properbadger2\builds\visualstudio2022\x64\debug\app\include_juce_events.obj
f:\properbadger2\builds\visualstudio2022\x64\debug\app\include_juce_core.obj
f:\properbadger2\builds\visualstudio2022\x64\debug\app\include_juce_graphics.obj
f:\properbadger2\builds\visualstudio2022\x64\debug\app\main.obj
f:\properbadger2\builds\visualstudio2022\x64\debug\app\maincomponent.obj
f:\properbadger2\builds\visualstudio2022\x64\debug\app\lprint-common.obj
f:\properbadger2\builds\visualstudio2022\x64\debug\app\lprint-epl2.obj
f:\properbadger2\builds\visualstudio2022\x64\debug\app\lprint-dymo.obj
f:\properbadger2\builds\visualstudio2022\x64\debug\app\lprint-zpl.obj
c:\users\abhis\properbadger2\builds\visualstudio2022\x64\debug\app\properbadger.pdb
c:\users\abhis\properbadger2\builds\visualstudio2022\x64\debug\app\include_juce_gui_basics.obj
c:\users\abhis\properbadger2\builds\visualstudio2022\x64\debug\app\lprint-common.obj
c:\users\abhis\properbadger2\builds\visualstudio2022\x64\debug\app\lprint-dymo.obj
c:\users\abhis\properbadger2\builds\visualstudio2022\x64\debug\app\lprint-epl2.obj
c:\users\abhis\properbadger2\builds\visualstudio2022\x64\debug\app\lprint-zpl.obj
c:\users\abhis\properbadger2\builds\visualstudio2022\x64\debug\app\include_juce_events.obj
c:\users\abhis\properbadger2\builds\visualstudio2022\x64\debug\app\include_juce_core.obj
c:\users\abhis\properbadger2\builds\visualstudio2022\x64\debug\app\include_juce_data_structures.obj
c:\users\abhis\properbadger2\builds\visualstudio2022\x64\debug\app\include_juce_graphics.obj
c:\users\abhis\properbadger2\builds\visualstudio2022\x64\debug\app\binarydata.obj
f:\properbadger2\builds\visualstudio2022\x64\debug\app\resources.res
c:\users\abhis\properbadger2\builds\visualstudio2022\x64\debug\app\resources.res
c:\users\abhis\properbadger2\builds\visualstudio2022\x64\debug\app\main.obj
c:\users\abhis\properbadger2\builds\visualstudio2022\x64\debug\app\maincomponent.obj
c:\users\abhis\properbadger2\builds\visualstudio2022\x64\debug\app\properbadger_app.tlog\cl.command.1.tlog
c:\users\abhis\properbadger2\builds\visualstudio2022\x64\debug\app\properbadger_app.tlog\cl.read.1.tlog
c:\users\abhis\properbadger2\builds\visualstudio2022\x64\debug\app\properbadger_app.tlog\cl.write.1.tlog
c:\users\abhis\properbadger2\builds\visualstudio2022\x64\debug\app\properbadger_app.tlog\link-cvtres.read.1.tlog
c:\users\abhis\properbadger2\builds\visualstudio2022\x64\debug\app\properbadger_app.tlog\link-cvtres.write.1.tlog
c:\users\abhis\properbadger2\builds\visualstudio2022\x64\debug\app\properbadger_app.tlog\link-rc.read.1.tlog
c:\users\abhis\properbadger2\builds\visualstudio2022\x64\debug\app\properbadger_app.tlog\link-rc.write.1.tlog
c:\users\abhis\properbadger2\builds\visualstudio2022\x64\debug\app\properbadger_app.tlog\link.command.1.tlog
c:\users\abhis\properbadger2\builds\visualstudio2022\x64\debug\app\properbadger_app.tlog\link.read.1.tlog
c:\users\abhis\properbadger2\builds\visualstudio2022\x64\debug\app\properbadger_app.tlog\link.write.1.tlog
c:\users\abhis\properbadger2\builds\visualstudio2022\x64\debug\app\properbadger_app.tlog\rc.command.1.tlog
c:\users\abhis\properbadger2\builds\visualstudio2022\x64\debug\app\properbadger_app.tlog\rc.read.1.tlog
c:\users\abhis\properbadger2\builds\visualstudio2022\x64\debug\app\properbadger_app.tlog\rc.write.1.tlog
