  Main.cpp
  MainComponent.cpp
  BinaryData.cpp
  include_juce_core.cpp
  include_juce_data_structures.cpp
  include_juce_events.cpp
  include_juce_graphics.cpp
C:\Users\abhis\Downloads\juce-7.0.3-windows\JUCE\modules\juce_core\threads\juce_CriticalSection.h(109,11): warning C4996: 'std::aligned_storage_t': warning STL4034: std::aligned_storage and std::aligned_storage_t are deprecated in C++23. Prefer alignas(T) std::byte t_buff[sizeof(T)]. You can define _SILENCE_CXX23_ALIGNED_STORAGE_DEPRECATION_WARNING or _SILENCE_ALL_CXX23_DEPRECATION_WARNINGS to suppress this warning. (compiling source file ..\..\JuceLibraryCode\include_juce_data_structures.cpp)
C:\Users\abhis\Downloads\juce-7.0.3-windows\JUCE\modules\juce_core\threads\juce_CriticalSection.h(109,11): warning C4996: 'std::aligned_storage_t': warning STL4034: std::aligned_storage and std::aligned_storage_t are deprecated in C++23. Prefer alignas(T) std::byte t_buff[sizeof(T)]. You can define _SILENCE_CXX23_ALIGNED_STORAGE_DEPRECATION_WARNING or _SILENCE_ALL_CXX23_DEPRECATION_WARNINGS to suppress this warning. (compiling source file ..\..\Source\Main.cpp)
C:\Users\abhis\Downloads\juce-7.0.3-windows\JUCE\modules\juce_core\threads\juce_CriticalSection.h(109,11): warning C4996: 'std::aligned_storage_t': warning STL4034: std::aligned_storage and std::aligned_storage_t are deprecated in C++23. Prefer alignas(T) std::byte t_buff[sizeof(T)]. You can define _SILENCE_CXX23_ALIGNED_STORAGE_DEPRECATION_WARNING or _SILENCE_ALL_CXX23_DEPRECATION_WARNINGS to suppress this warning. (compiling source file ..\..\Source\MainComponent.cpp)
C:\Users\abhis\Downloads\juce-7.0.3-windows\JUCE\modules\juce_core\threads\juce_CriticalSection.h(109,11): warning C4996: 'std::aligned_storage_t': warning STL4034: std::aligned_storage and std::aligned_storage_t are deprecated in C++23. Prefer alignas(T) std::byte t_buff[sizeof(T)]. You can define _SILENCE_CXX23_ALIGNED_STORAGE_DEPRECATION_WARNING or _SILENCE_ALL_CXX23_DEPRECATION_WARNINGS to suppress this warning. (compiling source file ..\..\JuceLibraryCode\include_juce_core.cpp)
C:\Users\abhis\Downloads\juce-7.0.3-windows\JUCE\modules\juce_core\threads\juce_CriticalSection.h(109,11): warning C4996: 'std::aligned_storage_t': warning STL4034: std::aligned_storage and std::aligned_storage_t are deprecated in C++23. Prefer alignas(T) std::byte t_buff[sizeof(T)]. You can define _SILENCE_CXX23_ALIGNED_STORAGE_DEPRECATION_WARNING or _SILENCE_ALL_CXX23_DEPRECATION_WARNINGS to suppress this warning. (compiling source file ..\..\JuceLibraryCode\include_juce_graphics.cpp)
C:\Users\abhis\Downloads\juce-7.0.3-windows\JUCE\modules\juce_core\threads\juce_CriticalSection.h(109,11): warning C4996: 'std::aligned_storage_t': warning STL4034: std::aligned_storage and std::aligned_storage_t are deprecated in C++23. Prefer alignas(T) std::byte t_buff[sizeof(T)]. You can define _SILENCE_CXX23_ALIGNED_STORAGE_DEPRECATION_WARNING or _SILENCE_ALL_CXX23_DEPRECATION_WARNINGS to suppress this warning. (compiling source file ..\..\JuceLibraryCode\include_juce_events.cpp)
C:\Users\abhis\properbadger2\Source\Screens\LabelGenerator.h(76,36): warning C4244: 'initializing': conversion from 'double' to 'int', possible loss of data (compiling source file ..\..\Source\Main.cpp)
C:\Users\abhis\properbadger2\Source\Screens\LabelGenerator.h(76,13): warning C4189: 'numPixelsFor10mmOffset': local variable is initialized but not referenced (compiling source file ..\..\Source\Main.cpp)
C:\Users\abhis\properbadger2\Source\Screens\LabelGenerator.h(143,13): warning C4189: 'gapWidth': local variable is initialized but not referenced (compiling source file ..\..\Source\Main.cpp)
C:\Users\abhis\properbadger2\Source\Screens\lprint\lprint.h(28,12): fatal  error C1083: Cannot open include file: 'pappl/pappl.h': No such file or directory (compiling source file ..\..\Source\Main.cpp)
C:\Users\abhis\properbadger2\Source\Screens\LabelGenerator.h(76,36): warning C4244: 'initializing': conversion from 'double' to 'int', possible loss of data (compiling source file ..\..\Source\MainComponent.cpp)
C:\Users\abhis\properbadger2\Source\Screens\LabelGenerator.h(76,13): warning C4189: 'numPixelsFor10mmOffset': local variable is initialized but not referenced (compiling source file ..\..\Source\MainComponent.cpp)
C:\Users\abhis\properbadger2\Source\Screens\LabelGenerator.h(143,13): warning C4189: 'gapWidth': local variable is initialized but not referenced (compiling source file ..\..\Source\MainComponent.cpp)
C:\Users\abhis\properbadger2\Source\Screens\lprint\lprint.h(28,12): fatal  error C1083: Cannot open include file: 'pappl/pappl.h': No such file or directory (compiling source file ..\..\Source\MainComponent.cpp)
